PLINK v1.90b6.10 64-bit (17 Jun 2019)
Options in effect:
  --het
  --keep igsr_jpt.tsv
  --maf 0.0001
  --make-grm-bin
  --out chr22_jpt
  --recode vcf
  --snps-only
  --vcf All.chr22.phase3_shapeit2_mvncall_integrated_v5a.20130502.genotypes.vcf.gz

Hostname: DESKTOP-HS2OLSS
Working directory: C:\Users\sethd\Documents\UW\Student\STAT 551\H
Start time: Sun Nov 10 23:25:19 2019

Random number seed: 1573457119
16218 MB RAM detected; reserving 8109 MB for main workspace.
--vcf: chr22_jpt-temporary.bed + chr22_jpt-temporary.bim +
chr22_jpt-temporary.fam written.
1059735 out of 1103547 variants loaded from .bim file.
2504 people (0 males, 0 females, 2504 ambiguous) loaded from .fam.
Ambiguous sex IDs written to chr22_jpt.nosex .
--keep: 104 people remaining.
Using up to 8 threads (change this with --threads).
Before main variant filters, 104 founders and 0 nonfounders present.
Calculating allele frequencies... done.
Total genotyping rate in remaining samples is 0.999963.
903028 variants removed due to minor allele threshold(s)
(--maf/--max-maf/--mac/--max-mac).
156707 variants and 104 people pass filters and QC.
Note: No phenotypes present.
Relationship matrix calculation complete.
Relationship matrix written to chr22_jpt.grm.bin , and IDs written to
chr22_jpt.grm.id .
--recode vcf to chr22_jpt.vcf ... done.
--het: 156706 variants scanned, report written to chr22_jpt.het .

End time: Sun Nov 10 23:26:07 2019
